                                   NAVJOT SINGH, ASSIGNMENT 4          20250620          10290622

                                      EMPLOYEE SALARY REPORT             Page  1


      EMP     EMP.                      PRESENT      INCREASE       PAY          NEW
      NO.     NAME            YEARS     POSITION      SALARY         %          INCREASE      SALARY

      001   Sarah Baker       18       ANALYST    12,877.37        13.8%      $1,777.08+     $ 14,654.45

      002   Daniel Cruz       20       ANALYST    14,307.89        13.8%      $1,974.49+     $ 16,282.38

      003   Michelle Lee      17       ANALYST    58,436.70        13.8%      $8,064.26+     $ 66,500.96

      004   Jason Wong        18       ANALYST    89,261.08        13.8%     $12,318.03+     $101,579.11

      005   Emily Stone       20       ANALYST    49,720.73        13.8%      $6,861.46+     $ 56,582.19

      006   Robert King       24       ANALYST    38,942.97        13.8%      $5,374.13+     $ 44,317.10

      007   Linda Price       19       ANALYST    98,805.13        13.8%     $13,635.11+     $112,440.24

      008   Kevin Long        24       ANALYST    43,768.17        13.8%      $6,040.01+     $ 49,808.18

      009   Ashley Hall       12       SEN PROG   71,293.32        10.3%      $7,343.21+     $ 78,636.53

      010   Brian Young       08       SEN PROG   18,825.24        10.3%      $1,939.00+     $ 20,764.24

      EMPLOYEE CLASS:          Analyst    Sen Prog    Prog    Jr Prog    Unclassified
      ON THIS PAGE:               8          2          0        0        0

1                                     EMPLOYEE SALARY REPORT             Page  2


      EMP     EMP.                      PRESENT      INCREASE       PAY          NEW
      NO.     NAME            YEARS     POSITION      SALARY         %          INCREASE      SALARY

      011   Nancy Reed        06       SEN PROG   75,318.38        10.3%      $7,757.79+     $ 83,076.17

      012   Paul Adams        10       SEN PROG   74,064.70        10.3%      $7,628.66+     $ 81,693.36

      013   Laura Diaz        11       SEN PROG   81,353.73        10.3%      $8,379.43+     $ 89,733.16

      014   Steven Bell       16       SEN PROG   12,088.41        10.3%      $1,245.11+     $ 13,333.52

      015   Angela Park       15       SEN PROG   19,511.77        10.3%      $2,009.71+     $ 21,521.48

      016   Timothy Cole      05       SEN PROG   70,548.64        10.3%      $7,266.51+     $ 77,815.15

      017   Karen West        16       SEN PROG   59,925.53        10.3%      $6,172.33+     $ 66,097.86

      018   Patricia Ryan     06       SEN PROG   44,717.61        10.3%      $4,605.91+     $ 49,323.52

      019   Gregory Ward      08       SEN PROG   34,911.75        10.3%      $3,595.91+     $ 38,507.66

      020   Megan Hill        13       SEN PROG   78,264.86        10.3%      $8,061.28+     $ 86,326.14

      EMPLOYEE CLASS:          Analyst    Sen Prog    Prog    Jr Prog    Unclassified
      ON THIS PAGE:               0          0          0        0        0

1                                     EMPLOYEE SALARY REPORT             Page  3


      EMP     EMP.                      PRESENT      INCREASE       PAY          NEW
      NO.     NAME            YEARS     POSITION      SALARY         %          INCREASE      SALARY

      021   Scott Fox         01       UN-CLAS.   73,779.99                       $0.00+     $ 73,779.99

      022   Amy Grant         01       UN-CLAS.   49,732.12                       $0.00+     $ 49,732.12

      023   Justin Cook       03       UN-CLAS.   44,910.56                       $0.00+     $ 44,910.56

      024   Rebecca Boyd      00       UN-CLAS.   77,345.00                       $0.00+     $ 77,345.00

      025   Adam Shaw         04       UN-CLAS.   19,426.35                       $0.00+     $ 19,426.35

      026   Victoria Page     10       PROG       93,695.60         7.7%      $7,214.56+     $100,910.16

      027   Sean Gibbs        23       PROG        5,475.95         7.7%        $421.65+     $  5,897.60

      028   Rachel Kemp       11       PROG       42,657.89         7.7%      $3,284.66+     $ 45,942.55

      029   Eric Moss         12       PROG       71,184.96         7.7%      $5,481.24+     $ 76,666.20

      030   Jennifer Hope     17       PROG       83,758.54         7.7%      $6,449.41+     $ 90,207.95

      EMPLOYEE CLASS:          Analyst    Sen Prog    Prog    Jr Prog    Unclassified
      ON THIS PAGE:               0          0          5        0        5

1                                     EMPLOYEE SALARY REPORT             Page  4


      EMP     EMP.                      PRESENT      INCREASE       PAY          NEW
      NO.     NAME            YEARS     POSITION      SALARY         %          INCREASE      SALARY

      031   Keith Blum        13       PROG       70,283.39         7.7%      $5,411.82+     $ 75,695.21

      032   Melissa Kent      24       PROG       12,837.38         7.7%        $988.48+     $ 13,825.86

      033   Ryan Lowe         12       PROG       66,581.13         7.7%      $5,126.75+     $ 71,707.88

      034   Amanda Fink       10       PROG       68,501.90         7.7%      $5,274.65+     $ 73,776.55

      035   Nicholas Wood     14       PROG       79,337.73         7.7%      $6,109.01+     $ 85,446.74

      036   Elizabeth Moon    07       JR PROG    73,968.87         4.2%      $3,106.69+     $ 77,075.56

      037   Mark Glass        09       JR PROG    84,649.91         4.2%      $3,555.30+     $ 88,205.21

      038   Hannah Swift      06       JR PROG    34,859.57         4.2%      $1,464.10+     $ 36,323.67

      039   Jeffrey Snow      07       JR PROG    39,524.14         4.2%      $1,660.01+     $ 41,184.15

      040   Kelly Sharp       05       JR PROG    93,965.26         4.2%      $3,946.54+     $ 97,911.80

      EMPLOYEE CLASS:          Analyst    Sen Prog    Prog    Jr Prog    Unclassified
      ON THIS PAGE:               0          0          5        5        0

1                                     EMPLOYEE SALARY REPORT             Page  5


      EMP     EMP.                      PRESENT      INCREASE       PAY          NEW
      NO.     NAME            YEARS     POSITION      SALARY         %          INCREASE      SALARY

      041   Aaron Chase       05       JR PROG    55,614.15         4.2%      $2,335.79+     $ 57,949.94

      042   Christine Hart    05       JR PROG    11,412.48         4.2%        $479.32+     $ 11,891.80

      043   Jeremy Knox       09       JR PROG    82,991.83         4.2%      $3,485.66+     $ 86,477.49

      044   Sandra Wells      09       JR PROG    92,108.17         4.2%      $3,868.54+     $ 95,976.71

      045   Stephen Riley     06       JR PROG    12,542.80         4.2%        $526.80+     $ 13,069.60

      046   Allison Boyd      04       UN-CLAS.   16,440.47                       $0.00+     $ 16,440.47

      047   Benjamin Ford     01       UN-CLAS.   14,495.97                       $0.00+     $ 14,495.97

      048   Diane Perez       04       UN-CLAS.   14,401.94                       $0.00+     $ 14,401.94

      049   Matthew Holt      01       UN-CLAS.   70,742.29                       $0.00+     $ 70,742.29

      050   Olivia Chase      00       UN-CLAS.   98,575.67                       $0.00+     $ 98,575.67

      EMPLOYEE CLASS:          Analyst    Sen Prog    Prog    Jr Prog    Unclassified
      ON THIS PAGE:               0          0          0        5        5